<?xml version="1.0" encoding="UTF-8"?>
<robot generator="Robot 6.0.2 (Python 3.11.1 on win32)" generated="20230528 23:23:04.382" rpa="false" schemaversion="3">
<suite id="s1" name="Testcases" source="C:\Users\sprak\Robot\Assessment\Testcases\testcases.robot">
<test id="s1-t1" name="Open browser" line="10">
<kw name="login" library="Keywords">
<kw name="Open Browser" library="SeleniumLibrary">
<arg>${url}</arg>
<arg>${browser}</arg>
<doc>Opens a new browser instance to the optional ``url``.</doc>
<msg timestamp="20230528 23:23:04.549" level="INFO">Opening browser 'chrome' to base url 'https://qa-refapp.openmrs.org/openmrs/login.htm'.</msg>
<status status="PASS" starttime="20230528 23:23:04.549" endtime="20230528 23:23:09.169"/>
</kw>
<kw name="Maximize Browser Window" library="SeleniumLibrary">
<doc>Maximizes current browser window.</doc>
<status status="PASS" starttime="20230528 23:23:09.169" endtime="20230528 23:23:09.294"/>
</kw>
<kw name="Set Selenium Speed" library="SeleniumLibrary">
<arg>0.5 second</arg>
<doc>Sets the delay that is waited after each Selenium command.</doc>
<status status="PASS" starttime="20230528 23:23:09.294" endtime="20230528 23:23:09.294"/>
</kw>
<kw name="Input Text" library="SeleniumLibrary">
<arg>${username_id}</arg>
<arg>${username}</arg>
<doc>Types the given ``text`` into the text field identified by ``locator``.</doc>
<msg timestamp="20230528 23:23:09.294" level="INFO">Typing text 'Admin' into text field 'id:username'.</msg>
<status status="PASS" starttime="20230528 23:23:09.294" endtime="20230528 23:23:10.921"/>
</kw>
<kw name="Input Text" library="SeleniumLibrary">
<arg>${password_id}</arg>
<arg>${password}</arg>
<doc>Types the given ``text`` into the text field identified by ``locator``.</doc>
<msg timestamp="20230528 23:23:10.921" level="INFO">Typing text 'Admin123' into text field 'id:password'.</msg>
<status status="PASS" starttime="20230528 23:23:10.921" endtime="20230528 23:23:12.515"/>
</kw>
<kw name="Click Element" library="SeleniumLibrary">
<arg>${op_id}</arg>
<doc>Click the element identified by ``locator``.</doc>
<msg timestamp="20230528 23:23:12.515" level="INFO">Clicking element 'id:Outpatient Clinic'.</msg>
<status status="PASS" starttime="20230528 23:23:12.515" endtime="20230528 23:23:13.576"/>
</kw>
<kw name="Click Element" library="SeleniumLibrary">
<arg>${login_id}</arg>
<doc>Click the element identified by ``locator``.</doc>
<msg timestamp="20230528 23:23:13.576" level="INFO">Clicking element 'id:loginButton'.</msg>
<status status="PASS" starttime="20230528 23:23:13.576" endtime="20230528 23:23:17.040"/>
</kw>
<kw name="Log" library="BuiltIn">
<arg>successfully logged in</arg>
<arg>level=INFO</arg>
<doc>Logs the given message with the given level.</doc>
<msg timestamp="20230528 23:23:17.040" level="INFO">successfully logged in</msg>
<status status="PASS" starttime="20230528 23:23:17.040" endtime="20230528 23:23:17.040"/>
</kw>
<status status="PASS" starttime="20230528 23:23:04.549" endtime="20230528 23:23:17.040"/>
</kw>
<kw name="Wait Until Page Contains Element" library="SeleniumLibrary">
<arg>${resisterpatient_id}</arg>
<arg>error=page not loaded</arg>
<doc>Waits until the element ``locator`` appears on the current page.</doc>
<status status="PASS" starttime="20230528 23:23:17.040" endtime="20230528 23:23:17.574"/>
</kw>
<kw name="Page Should Contain Element" library="SeleniumLibrary">
<arg>${resisterpatient_id}</arg>
<arg>message=Page doest not contain Resiter patient option</arg>
<arg>loglevel=TRACE</arg>
<doc>Verifies that element ``locator`` is found on the current page.</doc>
<msg timestamp="20230528 23:23:18.087" level="INFO">Current page contains element 'id:referenceapplication-registrationapp-registerPatient-homepageLink-referenceapplication-registrationapp-registerPatient-homepageLink-extension'.</msg>
<status status="PASS" starttime="20230528 23:23:17.574" endtime="20230528 23:23:18.087"/>
</kw>
<doc>Here we are checking login functionality and check whether the page is
loaded or not</doc>
<status status="PASS" starttime="20230528 23:23:04.549" endtime="20230528 23:23:18.087"/>
</test>
<test id="s1-t2" name="Register a new patient" line="17">
<kw name="Register new patient" library="Keywords">
<kw name="Set Selenium Speed" library="SeleniumLibrary">
<arg>0.5 second</arg>
<doc>Sets the delay that is waited after each Selenium command.</doc>
<status status="PASS" starttime="20230528 23:23:18.087" endtime="20230528 23:23:18.087"/>
</kw>
<kw name="Click Element" library="SeleniumLibrary">
<arg>${resisterpatient_id}</arg>
<doc>Click the element identified by ``locator``.</doc>
<msg timestamp="20230528 23:23:18.087" level="INFO">Clicking element 'id:referenceapplication-registrationapp-registerPatient-homepageLink-referenceapplication-registrationapp-registerPatient-homepageLink-extension'.</msg>
<status status="PASS" starttime="20230528 23:23:18.087" endtime="20230528 23:23:23.806"/>
</kw>
<kw name="Wait Until Element Is Visible" library="SeleniumLibrary">
<arg>${givenname_id}</arg>
<doc>Waits until the element ``locator`` is visible.</doc>
<status status="PASS" starttime="20230528 23:23:23.806" endtime="20230528 23:23:24.848"/>
</kw>
<kw name="Input Text" library="SeleniumLibrary">
<arg>${givenname_id}</arg>
<arg>${firstname}</arg>
<doc>Types the given ``text`` into the text field identified by ``locator``.</doc>
<msg timestamp="20230528 23:23:24.848" level="INFO">Typing text 'Prakash' into text field 'xpath://*[@name='givenName']'.</msg>
<status status="PASS" starttime="20230528 23:23:24.848" endtime="20230528 23:23:26.456"/>
</kw>
<kw name="Input Text" library="SeleniumLibrary">
<arg>${familyname_id}</arg>
<arg>${lastname}</arg>
<doc>Types the given ``text`` into the text field identified by ``locator``.</doc>
<msg timestamp="20230528 23:23:26.456" level="INFO">Typing text 'Sundar' into text field 'xpath://*[@name='familyName']'.</msg>
<status status="PASS" starttime="20230528 23:23:26.456" endtime="20230528 23:23:28.094"/>
</kw>
<kw name="Click Element" library="SeleniumLibrary">
<arg>${relativenext_id}</arg>
<doc>Click the element identified by ``locator``.</doc>
<msg timestamp="20230528 23:23:28.095" level="INFO">Clicking element 'id:next-button'.</msg>
<status status="PASS" starttime="20230528 23:23:28.094" endtime="20230528 23:23:29.170"/>
</kw>
<kw name="Select From List By Value" library="SeleniumLibrary">
<arg>${gender_id}</arg>
<arg>${gender}</arg>
<doc>Selects options from selection list ``locator`` by ``values``.</doc>
<msg timestamp="20230528 23:23:29.170" level="INFO">Selecting options from selection list 'id:gender-field' by value M.</msg>
<status status="PASS" starttime="20230528 23:23:29.170" endtime="20230528 23:23:33.303"/>
</kw>
<kw name="Click Element" library="SeleniumLibrary">
<arg>${relativenext_id}</arg>
<doc>Click the element identified by ``locator``.</doc>
<msg timestamp="20230528 23:23:33.303" level="INFO">Clicking element 'id:next-button'.</msg>
<status status="PASS" starttime="20230528 23:23:33.303" endtime="20230528 23:23:34.367"/>
</kw>
<kw name="Input Text" library="SeleniumLibrary">
<arg>${day_id}</arg>
<arg>31</arg>
<doc>Types the given ``text`` into the text field identified by ``locator``.</doc>
<msg timestamp="20230528 23:23:34.367" level="INFO">Typing text '31' into text field 'id:birthdateDay-field'.</msg>
<status status="PASS" starttime="20230528 23:23:34.367" endtime="20230528 23:23:36.008"/>
</kw>
<kw name="Select From List By Value" library="SeleniumLibrary">
<arg>${month_id}</arg>
<arg>5</arg>
<doc>Selects options from selection list ``locator`` by ``values``.</doc>
<msg timestamp="20230528 23:23:36.010" level="INFO">Selecting options from selection list 'id:birthdateMonth-field' by value 5.</msg>
<status status="PASS" starttime="20230528 23:23:36.008" endtime="20230528 23:23:40.142"/>
</kw>
<kw name="Input Text" library="SeleniumLibrary">
<arg>${year_id}</arg>
<arg>1997</arg>
<doc>Types the given ``text`` into the text field identified by ``locator``.</doc>
<msg timestamp="20230528 23:23:40.142" level="INFO">Typing text '1997' into text field 'id:birthdateYear-field'.</msg>
<status status="PASS" starttime="20230528 23:23:40.142" endtime="20230528 23:23:41.769"/>
</kw>
<kw name="Click Element" library="SeleniumLibrary">
<arg>${relativenext_id}</arg>
<doc>Click the element identified by ``locator``.</doc>
<msg timestamp="20230528 23:23:41.769" level="INFO">Clicking element 'id:next-button'.</msg>
<status status="PASS" starttime="20230528 23:23:41.769" endtime="20230528 23:23:42.842"/>
</kw>
<kw name="Input Text" library="SeleniumLibrary">
<arg>${addreelin1_id}</arg>
<arg>2711 S Ocean Dr</arg>
<doc>Types the given ``text`` into the text field identified by ``locator``.</doc>
<msg timestamp="20230528 23:23:42.842" level="INFO">Typing text '2711 S Ocean Dr' into text field 'id:address1'.</msg>
<status status="PASS" starttime="20230528 23:23:42.842" endtime="20230528 23:23:44.492"/>
</kw>
<kw name="Input Text" library="SeleniumLibrary">
<arg>${city_id}</arg>
<arg>Hollywood</arg>
<doc>Types the given ``text`` into the text field identified by ``locator``.</doc>
<msg timestamp="20230528 23:23:44.492" level="INFO">Typing text 'Hollywood' into text field 'id:cityVillage'.</msg>
<status status="PASS" starttime="20230528 23:23:44.492" endtime="20230528 23:23:46.198"/>
</kw>
<kw name="Input Text" library="SeleniumLibrary">
<arg>${state_id}</arg>
<arg>FL</arg>
<doc>Types the given ``text`` into the text field identified by ``locator``.</doc>
<msg timestamp="20230528 23:23:46.198" level="INFO">Typing text 'FL' into text field 'id:stateProvince'.</msg>
<status status="PASS" starttime="20230528 23:23:46.198" endtime="20230528 23:23:47.855"/>
</kw>
<kw name="Input Text" library="SeleniumLibrary">
<arg>${country_id}</arg>
<arg>United States</arg>
<doc>Types the given ``text`` into the text field identified by ``locator``.</doc>
<msg timestamp="20230528 23:23:47.855" level="INFO">Typing text 'United States' into text field 'id:country'.</msg>
<status status="PASS" starttime="20230528 23:23:47.855" endtime="20230528 23:23:49.493"/>
</kw>
<kw name="Input Text" library="SeleniumLibrary">
<arg>${zipcode_id}</arg>
<arg>33019</arg>
<doc>Types the given ``text`` into the text field identified by ``locator``.</doc>
<msg timestamp="20230528 23:23:49.493" level="INFO">Typing text '33019' into text field 'id:postalCode'.</msg>
<status status="PASS" starttime="20230528 23:23:49.493" endtime="20230528 23:23:51.126"/>
</kw>
<kw name="Click Element" library="SeleniumLibrary">
<arg>${relativenext_id}</arg>
<doc>Click the element identified by ``locator``.</doc>
<msg timestamp="20230528 23:23:51.126" level="INFO">Clicking element 'id:next-button'.</msg>
<status status="PASS" starttime="20230528 23:23:51.126" endtime="20230528 23:23:52.204"/>
</kw>
<kw name="Input Text" library="SeleniumLibrary">
<arg>${phonenumber_id}</arg>
<arg>${phone}</arg>
<doc>Types the given ``text`` into the text field identified by ``locator``.</doc>
<msg timestamp="20230528 23:23:52.204" level="INFO">Typing text '9876543210' into text field 'xpath://*[@name='phoneNumber']'.</msg>
<status status="PASS" starttime="20230528 23:23:52.204" endtime="20230528 23:23:53.840"/>
</kw>
<kw name="Click Element" library="SeleniumLibrary">
<arg>${relativenext_id}</arg>
<doc>Click the element identified by ``locator``.</doc>
<msg timestamp="20230528 23:23:53.840" level="INFO">Clicking element 'id:next-button'.</msg>
<status status="PASS" starttime="20230528 23:23:53.840" endtime="20230528 23:23:54.912"/>
</kw>
<kw name="Click Element" library="SeleniumLibrary">
<arg>${relativenext_id}</arg>
<doc>Click the element identified by ``locator``.</doc>
<msg timestamp="20230528 23:23:54.912" level="INFO">Clicking element 'id:next-button'.</msg>
<status status="PASS" starttime="20230528 23:23:54.912" endtime="20230528 23:23:55.977"/>
</kw>
<kw name="Log" library="BuiltIn">
<arg>New patient created</arg>
<arg>level=INFO</arg>
<doc>Logs the given message with the given level.</doc>
<msg timestamp="20230528 23:23:55.977" level="INFO">New patient created</msg>
<status status="PASS" starttime="20230528 23:23:55.977" endtime="20230528 23:23:55.977"/>
</kw>
<status status="PASS" starttime="20230528 23:23:18.087" endtime="20230528 23:23:55.977"/>
</kw>
<status status="PASS" starttime="20230528 23:23:18.087" endtime="20230528 23:23:55.977"/>
</test>
<test id="s1-t3" name="Verify patient datials" line="19">
<kw name="Verify patient details" library="Keywords">
<kw name="Set Selenium Speed" library="SeleniumLibrary">
<arg>0.5 second</arg>
<doc>Sets the delay that is waited after each Selenium command.</doc>
<status status="PASS" starttime="20230528 23:23:55.980" endtime="20230528 23:23:55.983"/>
</kw>
<kw name="Get Text" library="SeleniumLibrary">
<var>${temp}</var>
<arg>${name_xpath}</arg>
<doc>Returns the text value of the element identified by ``locator``.</doc>
<msg timestamp="20230528 23:23:57.025" level="INFO">${temp} = Name: Prakash, Sundar</msg>
<status status="PASS" starttime="20230528 23:23:55.983" endtime="20230528 23:23:57.025"/>
</kw>
<kw name="Fetch From Right" library="String">
<var>${x}</var>
<arg>${temp}</arg>
<arg>Name:</arg>
<doc>Returns contents of the ``string`` after the last occurrence of ``marker``.</doc>
<msg timestamp="20230528 23:23:57.026" level="INFO">${x} =  Prakash, Sundar</msg>
<status status="PASS" starttime="20230528 23:23:57.025" endtime="20230528 23:23:57.026"/>
</kw>
<kw name="Strip String" library="String">
<var>${xstripped}</var>
<arg>${x}</arg>
<arg>mode=left</arg>
<doc>Remove leading and/or trailing whitespaces from the given string.</doc>
<msg timestamp="20230528 23:23:57.027" level="INFO">${xstripped} = Prakash, Sundar</msg>
<status status="PASS" starttime="20230528 23:23:57.026" endtime="20230528 23:23:57.027"/>
</kw>
<kw name="Should Be Equal" library="BuiltIn">
<arg>${xstripped}</arg>
<arg>Prakash, Sundar</arg>
<doc>Fails if the given objects are unequal.</doc>
<status status="PASS" starttime="20230528 23:23:57.027" endtime="20230528 23:23:57.027"/>
</kw>
<kw name="Get Text" library="SeleniumLibrary">
<var>${temp1}</var>
<arg>${gender_xpath}</arg>
<doc>Returns the text value of the element identified by ``locator``.</doc>
<msg timestamp="20230528 23:23:58.057" level="INFO">${temp1} = Gender: Male</msg>
<status status="PASS" starttime="20230528 23:23:57.027" endtime="20230528 23:23:58.057"/>
</kw>
<kw name="Fetch From Right" library="String">
<var>${x1}</var>
<arg>${temp1}</arg>
<arg>Gender:</arg>
<doc>Returns contents of the ``string`` after the last occurrence of ``marker``.</doc>
<msg timestamp="20230528 23:23:58.057" level="INFO">${x1} =  Male</msg>
<status status="PASS" starttime="20230528 23:23:58.057" endtime="20230528 23:23:58.057"/>
</kw>
<kw name="Strip String" library="String">
<var>${x1stripped}</var>
<arg>${x1}</arg>
<arg>mode=left</arg>
<doc>Remove leading and/or trailing whitespaces from the given string.</doc>
<msg timestamp="20230528 23:23:58.057" level="INFO">${x1stripped} = Male</msg>
<status status="PASS" starttime="20230528 23:23:58.057" endtime="20230528 23:23:58.057"/>
</kw>
<kw name="Should Be Equal" library="BuiltIn">
<arg>${x1stripped}</arg>
<arg>Male</arg>
<doc>Fails if the given objects are unequal.</doc>
<status status="PASS" starttime="20230528 23:23:58.057" endtime="20230528 23:23:58.057"/>
</kw>
<kw name="Get Text" library="SeleniumLibrary">
<var>${temp2}</var>
<arg>${dob_xpath}</arg>
<doc>Returns the text value of the element identified by ``locator``.</doc>
<msg timestamp="20230528 23:23:59.090" level="INFO">${temp2} = Birthdate: 31, May, 1997</msg>
<status status="PASS" starttime="20230528 23:23:58.057" endtime="20230528 23:23:59.090"/>
</kw>
<kw name="Fetch From Right" library="String">
<var>${x2}</var>
<arg>${temp2}</arg>
<arg>Birthdate:</arg>
<doc>Returns contents of the ``string`` after the last occurrence of ``marker``.</doc>
<msg timestamp="20230528 23:23:59.090" level="INFO">${x2} =  31, May, 1997</msg>
<status status="PASS" starttime="20230528 23:23:59.090" endtime="20230528 23:23:59.090"/>
</kw>
<kw name="Strip String" library="String">
<var>${x2stripped}</var>
<arg>${x2}</arg>
<arg>mode=left</arg>
<doc>Remove leading and/or trailing whitespaces from the given string.</doc>
<msg timestamp="20230528 23:23:59.090" level="INFO">${x2stripped} = 31, May, 1997</msg>
<status status="PASS" starttime="20230528 23:23:59.090" endtime="20230528 23:23:59.090"/>
</kw>
<kw name="Should Be Equal" library="BuiltIn">
<arg>${x2stripped}</arg>
<arg>31, May, 1997</arg>
<doc>Fails if the given objects are unequal.</doc>
<status status="PASS" starttime="20230528 23:23:59.090" endtime="20230528 23:23:59.090"/>
</kw>
<kw name="Get Text" library="SeleniumLibrary">
<var>${temp3}</var>
<arg>${address_xpath}</arg>
<doc>Returns the text value of the element identified by ``locator``.</doc>
<msg timestamp="20230528 23:24:00.122" level="INFO">${temp3} = Address: 2711 S Ocean Dr, Hollywood, FL, United States, 33019</msg>
<status status="PASS" starttime="20230528 23:23:59.090" endtime="20230528 23:24:00.122"/>
</kw>
<kw name="Fetch From Right" library="String">
<var>${x3}</var>
<arg>${temp3}</arg>
<arg>Address:</arg>
<doc>Returns contents of the ``string`` after the last occurrence of ``marker``.</doc>
<msg timestamp="20230528 23:24:00.122" level="INFO">${x3} =  2711 S Ocean Dr, Hollywood, FL, United States, 33019</msg>
<status status="PASS" starttime="20230528 23:24:00.122" endtime="20230528 23:24:00.122"/>
</kw>
<kw name="Strip String" library="String">
<var>${x3stripped}</var>
<arg>${x3}</arg>
<arg>mode=left</arg>
<doc>Remove leading and/or trailing whitespaces from the given string.</doc>
<msg timestamp="20230528 23:24:00.122" level="INFO">${x3stripped} = 2711 S Ocean Dr, Hollywood, FL, United States, 33019</msg>
<status status="PASS" starttime="20230528 23:24:00.122" endtime="20230528 23:24:00.122"/>
</kw>
<kw name="Should Be Equal" library="BuiltIn">
<arg>${x3stripped}</arg>
<arg>2711 S Ocean Dr, Hollywood, FL, United States, 33019</arg>
<doc>Fails if the given objects are unequal.</doc>
<status status="PASS" starttime="20230528 23:24:00.122" endtime="20230528 23:24:00.122"/>
</kw>
<kw name="Get Text" library="SeleniumLibrary">
<var>${temp4}</var>
<arg>${phnumber_xpath}</arg>
<doc>Returns the text value of the element identified by ``locator``.</doc>
<msg timestamp="20230528 23:24:01.153" level="INFO">${temp4} = Phone Number: 9876543210</msg>
<status status="PASS" starttime="20230528 23:24:00.122" endtime="20230528 23:24:01.153"/>
</kw>
<kw name="Fetch From Right" library="String">
<var>${x4}</var>
<arg>${temp4}</arg>
<arg>Phone Number:</arg>
<doc>Returns contents of the ``string`` after the last occurrence of ``marker``.</doc>
<msg timestamp="20230528 23:24:01.155" level="INFO">${x4} =  9876543210</msg>
<status status="PASS" starttime="20230528 23:24:01.153" endtime="20230528 23:24:01.155"/>
</kw>
<kw name="Strip String" library="String">
<var>${x4stripped}</var>
<arg>${x4}</arg>
<arg>mode=left</arg>
<doc>Remove leading and/or trailing whitespaces from the given string.</doc>
<msg timestamp="20230528 23:24:01.155" level="INFO">${x4stripped} = 9876543210</msg>
<status status="PASS" starttime="20230528 23:24:01.155" endtime="20230528 23:24:01.155"/>
</kw>
<kw name="Should Be Equal" library="BuiltIn">
<arg>${x4stripped}</arg>
<arg>9876543210</arg>
<doc>Fails if the given objects are unequal.</doc>
<status status="PASS" starttime="20230528 23:24:01.155" endtime="20230528 23:24:01.155"/>
</kw>
<kw name="Get Text" library="SeleniumLibrary">
<var>${temp5}</var>
<arg>${relatives_xpath}</arg>
<doc>Returns the text value of the element identified by ``locator``.</doc>
<msg timestamp="20230528 23:24:02.186" level="INFO">${temp5} = Relatives: ---</msg>
<status status="PASS" starttime="20230528 23:24:01.158" endtime="20230528 23:24:02.186"/>
</kw>
<kw name="Fetch From Right" library="String">
<var>${x5}</var>
<arg>${temp5}</arg>
<arg>Relatives:</arg>
<doc>Returns contents of the ``string`` after the last occurrence of ``marker``.</doc>
<msg timestamp="20230528 23:24:02.186" level="INFO">${x5} =  ---</msg>
<status status="PASS" starttime="20230528 23:24:02.186" endtime="20230528 23:24:02.186"/>
</kw>
<kw name="Strip String" library="String">
<var>${x5stripped}</var>
<arg>${x5}</arg>
<arg>mode=left</arg>
<doc>Remove leading and/or trailing whitespaces from the given string.</doc>
<msg timestamp="20230528 23:24:02.186" level="INFO">${x5stripped} = ---</msg>
<status status="PASS" starttime="20230528 23:24:02.186" endtime="20230528 23:24:02.186"/>
</kw>
<kw name="Should Be Equal" library="BuiltIn">
<arg>${x5stripped}</arg>
<arg>---</arg>
<doc>Fails if the given objects are unequal.</doc>
<status status="PASS" starttime="20230528 23:24:02.186" endtime="20230528 23:24:02.186"/>
</kw>
<status status="PASS" starttime="20230528 23:23:55.980" endtime="20230528 23:24:02.186"/>
</kw>
<status status="PASS" starttime="20230528 23:23:55.979" endtime="20230528 23:24:02.186"/>
</test>
<test id="s1-t4" name="Verify patient age" line="21">
<kw name="Verify age" library="Keywords">
<kw name="Set Selenium Speed" library="SeleniumLibrary">
<arg>0.5 second</arg>
<doc>Sets the delay that is waited after each Selenium command.</doc>
<status status="PASS" starttime="20230528 23:24:02.186" endtime="20230528 23:24:02.186"/>
</kw>
<kw name="Click Element" library="SeleniumLibrary">
<arg>${submit_id}</arg>
<doc>Click the element identified by ``locator``.</doc>
<msg timestamp="20230528 23:24:02.186" level="INFO">Clicking element 'id:submit'.</msg>
<status status="PASS" starttime="20230528 23:24:02.186" endtime="20230528 23:24:03.300"/>
</kw>
<kw name="Wait Until Element Is Visible" library="SeleniumLibrary">
<arg>${age_xpath}</arg>
<arg>timeout=60 seconds</arg>
<doc>Waits until the element ``locator`` is visible.</doc>
<status status="PASS" starttime="20230528 23:24:03.300" endtime="20230528 23:24:08.538"/>
</kw>
<kw name="Get Text" library="SeleniumLibrary">
<var>${tempAge}</var>
<arg>${age_xpath}</arg>
<doc>Returns the text value of the element identified by ``locator``.</doc>
<msg timestamp="20230528 23:24:09.580" level="INFO">${tempAge} = 25 year(s) ( 31.May.1997)</msg>
<status status="PASS" starttime="20230528 23:24:08.538" endtime="20230528 23:24:09.580"/>
</kw>
<kw name="Fetch From Left" library="String">
<var>${age}</var>
<arg>${tempAge}</arg>
<arg>year(s) ( 31.May.1997)</arg>
<doc>Returns contents of the ``string`` before the first occurrence of ``marker``.</doc>
<msg timestamp="20230528 23:24:09.580" level="INFO">${age} = 25 </msg>
<status status="PASS" starttime="20230528 23:24:09.580" endtime="20230528 23:24:09.580"/>
</kw>
<kw name="Strip String" library="String">
<var>${actualAge}</var>
<arg>${age}</arg>
<arg>mode=right</arg>
<doc>Remove leading and/or trailing whitespaces from the given string.</doc>
<msg timestamp="20230528 23:24:09.580" level="INFO">${actualAge} = 25</msg>
<status status="PASS" starttime="20230528 23:24:09.580" endtime="20230528 23:24:09.580"/>
</kw>
<kw name="Convert Date" library="DateTime">
<var>${convertdate}</var>
<arg>19970531</arg>
<arg>result_format=%Y-%m-%d</arg>
<doc>Converts between supported `date formats`.</doc>
<msg timestamp="20230528 23:24:09.589" level="INFO">${convertdate} = 1997-05-31</msg>
<status status="PASS" starttime="20230528 23:24:09.580" endtime="20230528 23:24:09.589"/>
</kw>
<kw name="Calculate Age" library="Utility">
<var>${expectedAge}</var>
<arg>${31}</arg>
<arg>${5}</arg>
<arg>${1997}</arg>
<msg timestamp="20230528 23:24:09.593" level="INFO">${expectedAge} = 25</msg>
<status status="PASS" starttime="20230528 23:24:09.589" endtime="20230528 23:24:09.593"/>
</kw>
<kw name="Should Be Equal" library="BuiltIn">
<arg>${actualAge}</arg>
<arg>${expectedAge}</arg>
<doc>Fails if the given objects are unequal.</doc>
<status status="PASS" starttime="20230528 23:24:09.593" endtime="20230528 23:24:09.593"/>
</kw>
<status status="PASS" starttime="20230528 23:24:02.186" endtime="20230528 23:24:09.593"/>
</kw>
<status status="PASS" starttime="20230528 23:24:02.186" endtime="20230528 23:24:09.593"/>
</test>
<test id="s1-t5" name="Confirm visit" line="23">
<kw name="Confirm visit" library="Keywords">
<kw name="Set Selenium Speed" library="SeleniumLibrary">
<arg>0.5 second</arg>
<doc>Sets the delay that is waited after each Selenium command.</doc>
<status status="PASS" starttime="20230528 23:24:09.593" endtime="20230528 23:24:09.593"/>
</kw>
<kw name="Click Element" library="SeleniumLibrary">
<arg>${startvisit_xpath}</arg>
<doc>Click the element identified by ``locator``.</doc>
<msg timestamp="20230528 23:24:09.601" level="INFO">Clicking element 'xpath://*[@id='org.openmrs.module.coreapps.createVisit']/div/div[2]'.</msg>
<status status="PASS" starttime="20230528 23:24:09.593" endtime="20230528 23:24:10.738"/>
</kw>
<kw name="Click Element" library="SeleniumLibrary">
<arg>${confirmvisit_id}</arg>
<doc>Click the element identified by ``locator``.</doc>
<msg timestamp="20230528 23:24:10.742" level="INFO">Clicking element 'id:start-visit-with-visittype-confirm'.</msg>
<status status="PASS" starttime="20230528 23:24:10.738" endtime="20230528 23:24:11.832"/>
</kw>
<kw name="Wait Until Element Is Visible" library="SeleniumLibrary">
<arg>${attachmentbutton_id}</arg>
<arg>timeout=60 seconds</arg>
<doc>Waits until the element ``locator`` is visible.</doc>
<status status="PASS" starttime="20230528 23:24:11.832" endtime="20230528 23:24:16.614"/>
</kw>
<kw name="Click Element" library="SeleniumLibrary">
<arg>${gotopatientdetails_xpath}</arg>
<doc>Click the element identified by ``locator``.</doc>
<msg timestamp="20230528 23:24:16.614" level="INFO">Clicking element 'xpath://ul[@id='breadcrumbs']//li[2]'.</msg>
<status status="PASS" starttime="20230528 23:24:16.614" endtime="20230528 23:24:19.347"/>
</kw>
<kw name="Wait Until Element Is Visible" library="SeleniumLibrary">
<arg>${endvisit_xpath}</arg>
<arg>timeout=60 seconds</arg>
<doc>Waits until the element ``locator`` is visible.</doc>
<status status="PASS" starttime="20230528 23:24:19.347" endtime="20230528 23:24:20.381"/>
</kw>
<kw name="Get Text" library="SeleniumLibrary">
<var>${recentvisit}</var>
<arg>${vists_date_xpath}</arg>
<doc>Returns the text value of the element identified by ``locator``.</doc>
<msg timestamp="20230528 23:24:21.411" level="INFO">${recentvisit} = 28.May.2023</msg>
<status status="PASS" starttime="20230528 23:24:20.381" endtime="20230528 23:24:21.411"/>
</kw>
<kw name="Should Not Be Empty" library="BuiltIn">
<arg>${recentvisit}</arg>
<arg>msg=No vist recorded</arg>
<doc>Verifies that the given item is not empty.</doc>
<msg timestamp="20230528 23:24:21.411" level="INFO">Length is 11</msg>
<status status="PASS" starttime="20230528 23:24:21.411" endtime="20230528 23:24:21.411"/>
</kw>
<kw name="Verify Date" library="Utility">
<var>${verifydate}</var>
<arg>${recentvisit}</arg>
<msg timestamp="20230528 23:24:21.411" level="INFO">${verifydate} = True</msg>
<status status="PASS" starttime="20230528 23:24:21.411" endtime="20230528 23:24:21.411"/>
</kw>
<kw name="Should Be Equal" library="BuiltIn">
<arg>${verifydate}</arg>
<arg>True</arg>
<doc>Fails if the given objects are unequal.</doc>
<status status="PASS" starttime="20230528 23:24:21.411" endtime="20230528 23:24:21.411"/>
</kw>
<kw name="Click Element" library="SeleniumLibrary">
<arg>${endvisit_xpath}</arg>
<doc>Click the element identified by ``locator``.</doc>
<msg timestamp="20230528 23:24:21.411" level="INFO">Clicking element 'xpath://ul[@class='float-left d-none d-lg-block']//li[1]'.</msg>
<status status="PASS" starttime="20230528 23:24:21.411" endtime="20230528 23:24:22.487"/>
</kw>
<kw name="Click Element" library="SeleniumLibrary">
<arg>${yesbutton_xpath}</arg>
<doc>Click the element identified by ``locator``.</doc>
<msg timestamp="20230528 23:24:22.487" level="INFO">Clicking element 'xpath://*[@id='end-visit-dialog']//div[2]//button[1]'.</msg>
<status status="PASS" starttime="20230528 23:24:22.487" endtime="20230528 23:24:23.556"/>
</kw>
<status status="PASS" starttime="20230528 23:24:09.593" endtime="20230528 23:24:23.556"/>
</kw>
<status status="PASS" starttime="20230528 23:24:09.593" endtime="20230528 23:24:23.557"/>
</test>
<test id="s1-t6" name="Calculae and Verify BMI" line="25">
<kw name="Check BMI" library="Keywords">
<kw name="Set Selenium Speed" library="SeleniumLibrary">
<arg>0.5 seconds</arg>
<doc>Sets the delay that is waited after each Selenium command.</doc>
<status status="PASS" starttime="20230528 23:24:23.557" endtime="20230528 23:24:23.557"/>
</kw>
<kw name="Click Element" library="SeleniumLibrary">
<arg>${startvisit_xpath}</arg>
<doc>Click the element identified by ``locator``.</doc>
<msg timestamp="20230528 23:24:23.557" level="INFO">Clicking element 'xpath://*[@id='org.openmrs.module.coreapps.createVisit']/div/div[2]'.</msg>
<status status="PASS" starttime="20230528 23:24:23.557" endtime="20230528 23:24:26.036"/>
</kw>
<kw name="Click Element" library="SeleniumLibrary">
<arg>${confirmvisit_id}</arg>
<doc>Click the element identified by ``locator``.</doc>
<msg timestamp="20230528 23:24:26.036" level="INFO">Clicking element 'id:start-visit-with-visittype-confirm'.</msg>
<status status="PASS" starttime="20230528 23:24:26.036" endtime="20230528 23:24:27.084"/>
</kw>
<kw name="Wait Until Element Is Visible" library="SeleniumLibrary">
<arg>${cpaturevitals_xpath}</arg>
<arg>timeout=60 seconds</arg>
<doc>Waits until the element ``locator`` is visible.</doc>
<status status="PASS" starttime="20230528 23:24:27.084" endtime="20230528 23:24:30.403"/>
</kw>
<kw name="Click Element" library="SeleniumLibrary">
<arg>${cpaturevitals_xpath}</arg>
<doc>Click the element identified by ``locator``.</doc>
<msg timestamp="20230528 23:24:30.403" level="INFO">Clicking element 'xpath://*[@id='referenceapplication.realTime.vitals']'.</msg>
<status status="PASS" starttime="20230528 23:24:30.403" endtime="20230528 23:24:34.632"/>
</kw>
<kw name="Wait Until Element Is Visible" library="SeleniumLibrary">
<arg>${height_xpath}</arg>
<arg>timeout=60 seconds</arg>
<doc>Waits until the element ``locator`` is visible.</doc>
<status status="PASS" starttime="20230528 23:24:34.632" endtime="20230528 23:24:35.732"/>
</kw>
<kw name="Input Text" library="SeleniumLibrary">
<arg>${height_xpath}</arg>
<arg>175</arg>
<doc>Types the given ``text`` into the text field identified by ``locator``.</doc>
<msg timestamp="20230528 23:24:35.732" level="INFO">Typing text '175' into text field 'xpath://*[@id='w8']'.</msg>
<status status="PASS" starttime="20230528 23:24:35.732" endtime="20230528 23:24:37.371"/>
</kw>
<kw name="Click Element" library="SeleniumLibrary">
<arg>${relativenext_id}</arg>
<doc>Click the element identified by ``locator``.</doc>
<msg timestamp="20230528 23:24:37.371" level="INFO">Clicking element 'id:next-button'.</msg>
<status status="PASS" starttime="20230528 23:24:37.371" endtime="20230528 23:24:38.444"/>
</kw>
<kw name="Wait Until Element Is Visible" library="SeleniumLibrary">
<arg>${weight_xpath}</arg>
<arg>timeout=60 seconds</arg>
<doc>Waits until the element ``locator`` is visible.</doc>
<status status="PASS" starttime="20230528 23:24:38.444" endtime="20230528 23:24:39.478"/>
</kw>
<kw name="Input Text" library="SeleniumLibrary">
<arg>${weight_xpath}</arg>
<arg>80</arg>
<doc>Types the given ``text`` into the text field identified by ``locator``.</doc>
<msg timestamp="20230528 23:24:39.478" level="INFO">Typing text '80' into text field 'xpath://*[@id='w10']'.</msg>
<status status="PASS" starttime="20230528 23:24:39.478" endtime="20230528 23:24:41.094"/>
</kw>
<kw name="Click Element" library="SeleniumLibrary">
<arg>${relativenext_id}</arg>
<doc>Click the element identified by ``locator``.</doc>
<msg timestamp="20230528 23:24:41.094" level="INFO">Clicking element 'id:next-button'.</msg>
<status status="PASS" starttime="20230528 23:24:41.094" endtime="20230528 23:24:42.156"/>
</kw>
<kw name="Bmi" library="Utility">
<var>${bmi}</var>
<arg>${175}</arg>
<arg>${80}</arg>
<msg timestamp="20230528 23:24:42.156" level="INFO">${bmi} = 26.1</msg>
<status status="PASS" starttime="20230528 23:24:42.156" endtime="20230528 23:24:42.156"/>
</kw>
<kw name="Get Text" library="SeleniumLibrary">
<var>${calculatedbmi}</var>
<arg>${calculatedbmi_xpath}</arg>
<doc>Returns the text value of the element identified by ``locator``.</doc>
<msg timestamp="20230528 23:24:43.195" level="INFO">${calculatedbmi} = 26.1</msg>
<status status="PASS" starttime="20230528 23:24:42.156" endtime="20230528 23:24:43.195"/>
</kw>
<kw name="Should Be Equal" library="BuiltIn">
<arg>${bmi}</arg>
<arg>${calculatedbmi}</arg>
<doc>Fails if the given objects are unequal.</doc>
<status status="PASS" starttime="20230528 23:24:43.195" endtime="20230528 23:24:43.195"/>
</kw>
<kw name="Click Element" library="SeleniumLibrary">
<arg>${savebmi_confirm_xpath}</arg>
<doc>Click the element identified by ``locator``.</doc>
<msg timestamp="20230528 23:24:43.195" level="INFO">Clicking element 'xpath://*[@id='formBreadcrumb']/li[2]/span'.</msg>
<status status="PASS" starttime="20230528 23:24:43.195" endtime="20230528 23:24:44.270"/>
</kw>
<kw name="Wait Until Element Is Visible" library="SeleniumLibrary">
<arg>${savebutton_xpath}</arg>
<arg>timeout=60 seconds</arg>
<doc>Waits until the element ``locator`` is visible.</doc>
<status status="PASS" starttime="20230528 23:24:44.270" endtime="20230528 23:24:45.308"/>
</kw>
<kw name="Click Element" library="SeleniumLibrary">
<arg>${savebutton_xpath}</arg>
<doc>Click the element identified by ``locator``.</doc>
<msg timestamp="20230528 23:24:45.309" level="INFO">Clicking element 'xpath://*[@id='confirmationQuestion']/p[1]/button'.</msg>
<status status="PASS" starttime="20230528 23:24:45.309" endtime="20230528 23:24:46.391"/>
</kw>
<kw name="Wait Until Element Is Visible" library="SeleniumLibrary">
<arg>${gotopatientdetails_xpath}</arg>
<arg>timeout=60 seconds</arg>
<doc>Waits until the element ``locator`` is visible.</doc>
<msg timestamp="20230528 23:24:48.519" level="INFO">Suppressing StaleElementReferenceException from Selenium.</msg>
<status status="PASS" starttime="20230528 23:24:46.391" endtime="20230528 23:24:49.760"/>
</kw>
<kw name="Click Element" library="SeleniumLibrary">
<arg>${gotopatientdetails_xpath}</arg>
<doc>Click the element identified by ``locator``.</doc>
<msg timestamp="20230528 23:24:49.760" level="INFO">Clicking element 'xpath://ul[@id='breadcrumbs']//li[2]'.</msg>
<status status="PASS" starttime="20230528 23:24:49.760" endtime="20230528 23:24:52.569"/>
</kw>
<kw name="Click Element" library="SeleniumLibrary">
<arg>${endvisit_xpath}</arg>
<doc>Click the element identified by ``locator``.</doc>
<msg timestamp="20230528 23:24:52.569" level="INFO">Clicking element 'xpath://ul[@class='float-left d-none d-lg-block']//li[1]'.</msg>
<status status="PASS" starttime="20230528 23:24:52.569" endtime="20230528 23:24:53.658"/>
</kw>
<kw name="Click Element" library="SeleniumLibrary">
<arg>${yesbutton_xpath}</arg>
<doc>Click the element identified by ``locator``.</doc>
<msg timestamp="20230528 23:24:53.658" level="INFO">Clicking element 'xpath://*[@id='end-visit-dialog']//div[2]//button[1]'.</msg>
<status status="PASS" starttime="20230528 23:24:53.658" endtime="20230528 23:24:54.738"/>
</kw>
<status status="PASS" starttime="20230528 23:24:23.557" endtime="20230528 23:24:54.738"/>
</kw>
<status status="PASS" starttime="20230528 23:24:23.557" endtime="20230528 23:24:54.739"/>
</test>
<test id="s1-t7" name="Check BMI details on Patient detail page" line="27">
<kw name="Check BMI details" library="Keywords">
<kw name="Set Selenium Speed" library="SeleniumLibrary">
<arg>0.5 seconds</arg>
<doc>Sets the delay that is waited after each Selenium command.</doc>
<status status="PASS" starttime="20230528 23:24:54.749" endtime="20230528 23:24:54.759"/>
</kw>
<kw name="Wait Until Element Is Visible" library="SeleniumLibrary">
<arg>${bmi_height_xpath}</arg>
<arg>timeout=60 seconds</arg>
<doc>Waits until the element ``locator`` is visible.</doc>
<status status="PASS" starttime="20230528 23:24:54.759" endtime="20230528 23:24:57.980"/>
</kw>
<kw name="Get Text" library="SeleniumLibrary">
<var>${getheight}</var>
<arg>${bmi_height_xpath}</arg>
<doc>Returns the text value of the element identified by ``locator``.</doc>
<msg timestamp="20230528 23:24:59.024" level="INFO">${getheight} = 175</msg>
<status status="PASS" starttime="20230528 23:24:57.982" endtime="20230528 23:24:59.024"/>
</kw>
<kw name="Should Be Equal" library="BuiltIn">
<arg>${getheight}</arg>
<arg>175</arg>
<doc>Fails if the given objects are unequal.</doc>
<status status="PASS" starttime="20230528 23:24:59.024" endtime="20230528 23:24:59.024"/>
</kw>
<kw name="Get Text" library="SeleniumLibrary">
<var>${getweight}</var>
<arg>${bmi_weight_xpath}</arg>
<doc>Returns the text value of the element identified by ``locator``.</doc>
<msg timestamp="20230528 23:25:00.094" level="INFO">${getweight} = 80</msg>
<status status="PASS" starttime="20230528 23:24:59.024" endtime="20230528 23:25:00.094"/>
</kw>
<kw name="Should Be Equal" library="BuiltIn">
<arg>${getweight}</arg>
<arg>80</arg>
<doc>Fails if the given objects are unequal.</doc>
<status status="PASS" starttime="20230528 23:25:00.094" endtime="20230528 23:25:00.094"/>
</kw>
<kw name="Get Text" library="SeleniumLibrary">
<var>${getbmi}</var>
<arg>${bmi_calculatedbmi_xpath}</arg>
<doc>Returns the text value of the element identified by ``locator``.</doc>
<msg timestamp="20230528 23:25:01.123" level="INFO">${getbmi} = 26.1</msg>
<status status="PASS" starttime="20230528 23:25:00.094" endtime="20230528 23:25:01.123"/>
</kw>
<kw name="Bmi" library="Utility">
<var>${bmi}</var>
<arg>${175}</arg>
<arg>${80}</arg>
<msg timestamp="20230528 23:25:01.123" level="INFO">${bmi} = 26.1</msg>
<status status="PASS" starttime="20230528 23:25:01.123" endtime="20230528 23:25:01.123"/>
</kw>
<kw name="Should Be Equal" library="BuiltIn">
<arg>${getbmi}</arg>
<arg>${bmi}</arg>
<doc>Fails if the given objects are unequal.</doc>
<status status="PASS" starttime="20230528 23:25:01.123" endtime="20230528 23:25:01.123"/>
</kw>
<status status="PASS" starttime="20230528 23:24:54.747" endtime="20230528 23:25:01.123"/>
</kw>
<status status="PASS" starttime="20230528 23:24:54.739" endtime="20230528 23:25:01.127"/>
</test>
<test id="s1-t8" name="Recent Visit has one more new entry" line="29">
<kw name="Recent Visit has one more new entry" library="Keywords">
<kw name="Set Selenium Speed" library="SeleniumLibrary">
<arg>0.5 seconds</arg>
<doc>Sets the delay that is waited after each Selenium command.</doc>
<status status="PASS" starttime="20230528 23:25:01.127" endtime="20230528 23:25:01.127"/>
</kw>
<kw name="Get Text" library="SeleniumLibrary">
<var>${visitdate}</var>
<arg>${vists_date_xpath}</arg>
<doc>Returns the text value of the element identified by ``locator``.</doc>
<msg timestamp="20230528 23:25:02.188" level="INFO">${visitdate} = 28.May.2023</msg>
<status status="PASS" starttime="20230528 23:25:01.127" endtime="20230528 23:25:02.188"/>
</kw>
<kw name="Get Text" library="SeleniumLibrary">
<var>${visitvitals}</var>
<arg>${visits_vitals_xpath}</arg>
<doc>Returns the text value of the element identified by ``locator``.</doc>
<msg timestamp="20230528 23:25:03.219" level="INFO">${visitvitals} = Vitals</msg>
<status status="PASS" starttime="20230528 23:25:02.188" endtime="20230528 23:25:03.219"/>
</kw>
<kw name="Log To Console" library="BuiltIn">
<arg>${visitdate}</arg>
<doc>Logs the given message to the console.</doc>
<status status="PASS" starttime="20230528 23:25:03.219" endtime="20230528 23:25:03.219"/>
</kw>
<kw name="Should Contain Any" library="BuiltIn">
<arg>${visitdate}</arg>
<arg>28.May.2023</arg>
<doc>Fails if ``container`` does not contain any of the ``*items``.</doc>
<status status="PASS" starttime="20230528 23:25:03.219" endtime="20230528 23:25:03.219"/>
</kw>
<kw name="Should Contain Any" library="BuiltIn">
<arg>${visitvitals}</arg>
<arg>Vitals</arg>
<doc>Fails if ``container`` does not contain any of the ``*items``.</doc>
<status status="PASS" starttime="20230528 23:25:03.219" endtime="20230528 23:25:03.219"/>
</kw>
<kw name="Verify Date" library="Utility">
<var>${verifydatefunction}</var>
<arg>${visitdate}</arg>
<msg timestamp="20230528 23:25:03.219" level="INFO">${verifydatefunction} = True</msg>
<status status="PASS" starttime="20230528 23:25:03.219" endtime="20230528 23:25:03.219"/>
</kw>
<kw name="Should Be Equal" library="BuiltIn">
<arg>${verifydatefunction}</arg>
<arg>True</arg>
<doc>Fails if the given objects are unequal.</doc>
<status status="PASS" starttime="20230528 23:25:03.219" endtime="20230528 23:25:03.219"/>
</kw>
<status status="PASS" starttime="20230528 23:25:01.127" endtime="20230528 23:25:03.219"/>
</kw>
<status status="PASS" starttime="20230528 23:25:01.127" endtime="20230528 23:25:03.219"/>
</test>
<test id="s1-t9" name="Merge Visits" line="31">
<kw name="Merge Visits" library="Keywords">
<kw name="Set Selenium Speed" library="SeleniumLibrary">
<arg>0.5 seconds</arg>
<doc>Sets the delay that is waited after each Selenium command.</doc>
<status status="PASS" starttime="20230528 23:25:03.238" endtime="20230528 23:25:03.238"/>
</kw>
<kw name="Wait Until Element Is Visible" library="SeleniumLibrary">
<arg>${mergevisit_xpath}</arg>
<arg>timeout=60 seconds</arg>
<doc>Waits until the element ``locator`` is visible.</doc>
<status status="PASS" starttime="20230528 23:25:03.238" endtime="20230528 23:25:04.286"/>
</kw>
<kw name="Click Element" library="SeleniumLibrary">
<arg>${mergevisit_xpath}</arg>
<doc>Click the element identified by ``locator``.</doc>
<msg timestamp="20230528 23:25:04.286" level="INFO">Clicking element 'xpath://*[@id='org.openmrs.module.coreapps.mergeVisits']/div/div[2]'.</msg>
<status status="PASS" starttime="20230528 23:25:04.286" endtime="20230528 23:25:06.888"/>
</kw>
<kw name="Wait Until Element Is Visible" library="SeleniumLibrary">
<arg>xpath://*[@id='active-visits']//tbody//tr[1]//td[1]//*[@type='checkbox']</arg>
<arg>timeout=60 seconds</arg>
<doc>Waits until the element ``locator`` is visible.</doc>
<status status="PASS" starttime="20230528 23:25:06.888" endtime="20230528 23:25:07.923"/>
</kw>
<kw name="Click Element" library="SeleniumLibrary">
<arg>xpath://*[@id='active-visits']//tbody//tr[1]//td[1]//*[@type='checkbox']</arg>
<doc>Click the element identified by ``locator``.</doc>
<msg timestamp="20230528 23:25:07.923" level="INFO">Clicking element 'xpath://*[@id='active-visits']//tbody//tr[1]//td[1]//*[@type='checkbox']'.</msg>
<status status="PASS" starttime="20230528 23:25:07.923" endtime="20230528 23:25:09.000"/>
</kw>
<kw name="Click Element" library="SeleniumLibrary">
<arg>xpath://*[@id='active-visits']//tbody//tr[2]//td[1]//*[@type='checkbox']</arg>
<doc>Click the element identified by ``locator``.</doc>
<msg timestamp="20230528 23:25:09.000" level="INFO">Clicking element 'xpath://*[@id='active-visits']//tbody//tr[2]//td[1]//*[@type='checkbox']'.</msg>
<status status="PASS" starttime="20230528 23:25:09.000" endtime="20230528 23:25:10.068"/>
</kw>
<kw name="Click Element" library="SeleniumLibrary">
<arg>${merge_id}</arg>
<doc>Click the element identified by ``locator``.</doc>
<msg timestamp="20230528 23:25:10.068" level="INFO">Clicking element 'id:mergeVisitsBtn'.</msg>
<status status="PASS" starttime="20230528 23:25:10.068" endtime="20230528 23:25:12.290"/>
</kw>
<kw name="Wait Until Element Is Visible" library="SeleniumLibrary">
<arg>${gotopatientdetails_xpath}</arg>
<arg>timeout=60 seconds</arg>
<doc>Waits until the element ``locator`` is visible.</doc>
<status status="PASS" starttime="20230528 23:25:12.290" endtime="20230528 23:25:13.322"/>
</kw>
<kw name="Click Element" library="SeleniumLibrary">
<arg>${gotopatientdetails_xpath}</arg>
<doc>Click the element identified by ``locator``.</doc>
<msg timestamp="20230528 23:25:13.322" level="INFO">Clicking element 'xpath://ul[@id='breadcrumbs']//li[2]'.</msg>
<status status="PASS" starttime="20230528 23:25:13.322" endtime="20230528 23:25:16.090"/>
</kw>
<kw name="Wait Until Element Is Visible" library="SeleniumLibrary">
<arg>${vists_date_xpath}</arg>
<arg>timeout=60 seconds</arg>
<doc>Waits until the element ``locator`` is visible.</doc>
<status status="PASS" starttime="20230528 23:25:16.090" endtime="20230528 23:25:17.843"/>
</kw>
<kw name="Get Text" library="SeleniumLibrary">
<var>${visit2}</var>
<arg>${vists_date_xpath}</arg>
<doc>Returns the text value of the element identified by ``locator``.</doc>
<msg timestamp="20230528 23:25:18.870" level="INFO">${visit2} = 28.May.2023</msg>
<status status="PASS" starttime="20230528 23:25:17.843" endtime="20230528 23:25:18.870"/>
</kw>
<kw name="Log To Console" library="BuiltIn">
<arg>${visit2}</arg>
<doc>Logs the given message to the console.</doc>
<status status="PASS" starttime="20230528 23:25:18.870" endtime="20230528 23:25:18.872"/>
</kw>
<kw name="Should Contain Any" library="BuiltIn">
<arg>${visit2}</arg>
<arg>28.May.2023</arg>
<arg>Vitals</arg>
<doc>Fails if ``container`` does not contain any of the ``*items``.</doc>
<status status="PASS" starttime="20230528 23:25:18.872" endtime="20230528 23:25:18.872"/>
</kw>
<status status="PASS" starttime="20230528 23:25:03.238" endtime="20230528 23:25:18.872"/>
</kw>
<status status="PASS" starttime="20230528 23:25:03.238" endtime="20230528 23:25:18.874"/>
</test>
<test id="s1-t10" name="Check future date" line="33">
<kw name="Add past date" library="Keywords">
<kw name="Set Selenium Speed" library="SeleniumLibrary">
<arg>0.5 seconds</arg>
<doc>Sets the delay that is waited after each Selenium command.</doc>
<status status="PASS" starttime="20230528 23:25:18.874" endtime="20230528 23:25:18.874"/>
</kw>
<kw name="Click Element" library="SeleniumLibrary">
<arg>${pastdate_xpath}</arg>
<doc>Click the element identified by ``locator``.</doc>
<msg timestamp="20230528 23:25:18.874" level="INFO">Clicking element 'xpath://*[@id='org.openmrs.module.coreapps.createRetrospectiveVisit']/div/div[2]'.</msg>
<status status="PASS" starttime="20230528 23:25:18.874" endtime="20230528 23:25:19.992"/>
</kw>
<kw name="Element Attribute Value Should Be" library="SeleniumLibrary">
<arg>${futuredate_xpath}</arg>
<arg>class</arg>
<arg>day disabled</arg>
<doc>Verifies element identified by ``locator`` contains expected attribute value.</doc>
<msg timestamp="20230528 23:25:21.038" level="INFO">Element 'xpath://body[1]/div[2]/div[3]/table[1]/tbody[1]/tr[5]/td[3]' attribute 'class' contains value 'day disabled'.</msg>
<status status="PASS" starttime="20230528 23:25:19.992" endtime="20230528 23:25:21.038"/>
</kw>
<kw name="Run Keyword And Return Status" library="BuiltIn">
<var>${status}</var>
<arg>Click Element</arg>
<arg>${futuredate_xpath}</arg>
<doc>Runs the given keyword with given arguments and returns the status as a Boolean value.</doc>
<kw name="Click Element" library="SeleniumLibrary">
<arg>${futuredate_xpath}</arg>
<doc>Click the element identified by ``locator``.</doc>
<msg timestamp="20230528 23:25:21.038" level="INFO">Clicking element 'xpath://body[1]/div[2]/div[3]/table[1]/tbody[1]/tr[5]/td[3]'.</msg>
<status status="PASS" starttime="20230528 23:25:21.038" endtime="20230528 23:25:22.099"/>
</kw>
<msg timestamp="20230528 23:25:22.099" level="INFO">${status} = True</msg>
<status status="PASS" starttime="20230528 23:25:21.038" endtime="20230528 23:25:22.099"/>
</kw>
<kw name="Run Keyword If" library="BuiltIn">
<arg>'False'=='${status}'</arg>
<arg>Fail</arg>
<arg>"Element should not be clickable"</arg>
<doc>Runs the given keyword with the given arguments, if ``condition`` is true.</doc>
<status status="PASS" starttime="20230528 23:25:22.099" endtime="20230528 23:25:22.099"/>
</kw>
<kw name="Press Keys" library="SeleniumLibrary">
<arg>None</arg>
<arg>ESC</arg>
<doc>Simulates the user pressing key(s) to an element or on the active browser.</doc>
<msg timestamp="20230528 23:25:22.099" level="INFO">Sending key(s) ('ESC',) to page.</msg>
<msg timestamp="20230528 23:25:22.099" level="INFO">Pressing special key ESCAPE to browser.</msg>
<msg timestamp="20230528 23:25:22.099" level="INFO">Releasing special key ESCAPE.</msg>
<status status="PASS" starttime="20230528 23:25:22.099" endtime="20230528 23:25:22.616"/>
</kw>
<status status="PASS" starttime="20230528 23:25:18.874" endtime="20230528 23:25:22.616"/>
</kw>
<status status="PASS" starttime="20230528 23:25:18.874" endtime="20230528 23:25:22.616"/>
</test>
<test id="s1-t11" name="Delete Patient" line="35">
<kw name="Delete Patient" library="Keywords">
<kw name="Set Selenium Speed" library="SeleniumLibrary">
<arg>0.5 seconds</arg>
<doc>Sets the delay that is waited after each Selenium command.</doc>
<status status="PASS" starttime="20230528 23:25:22.618" endtime="20230528 23:25:22.618"/>
</kw>
<kw name="Get Text" library="SeleniumLibrary">
<var>${patient_id}</var>
<arg>${patientid_xpath}</arg>
<doc>Returns the text value of the element identified by ``locator``.</doc>
<msg timestamp="20230528 23:25:23.676" level="INFO">${patient_id} = 100KH7</msg>
<status status="PASS" starttime="20230528 23:25:22.618" endtime="20230528 23:25:23.676"/>
</kw>
<kw name="Log To Console" library="BuiltIn">
<arg>${patient_id}</arg>
<doc>Logs the given message to the console.</doc>
<status status="PASS" starttime="20230528 23:25:23.676" endtime="20230528 23:25:23.676"/>
</kw>
<kw name="Click Element" library="SeleniumLibrary">
<arg>${deletepatient_xpath}</arg>
<doc>Click the element identified by ``locator``.</doc>
<msg timestamp="20230528 23:25:23.676" level="INFO">Clicking element 'xpath://div[contains(text(),'Delete Patient')]'.</msg>
<status status="PASS" starttime="20230528 23:25:23.676" endtime="20230528 23:25:24.770"/>
</kw>
<kw name="Input Text" library="SeleniumLibrary">
<arg>${reason_xpath}</arg>
<arg>Test</arg>
<doc>Types the given ``text`` into the text field identified by ``locator``.</doc>
<msg timestamp="20230528 23:25:24.770" level="INFO">Typing text 'Test' into text field 'xpath://input[@id='delete-reason']'.</msg>
<status status="PASS" starttime="20230528 23:25:24.770" endtime="20230528 23:25:26.385"/>
</kw>
<kw name="Click Element" library="SeleniumLibrary">
<arg>${confirm_xpath}</arg>
<doc>Click the element identified by ``locator``.</doc>
<msg timestamp="20230528 23:25:26.385" level="INFO">Clicking element 'xpath://div[@id='delete-patient-creation-dialog']//button[@class='confirm right'][normalize-space()='Confirm']'.</msg>
<status status="PASS" starttime="20230528 23:25:26.385" endtime="20230528 23:25:27.466"/>
</kw>
<kw name="Element Should Contain" library="SeleniumLibrary">
<arg>${toast_xpath}</arg>
<arg>Patient has been deleted successfully</arg>
<doc>Verifies that element ``locator`` contains text ``expected``.</doc>
<msg timestamp="20230528 23:25:28.511" level="INFO">Element 'xpath://*[contains(@class, 'toast')]' contains text 'Patient has been deleted successfully'.</msg>
<status status="PASS" starttime="20230528 23:25:27.467" endtime="20230528 23:25:28.511"/>
</kw>
<kw name="Wait Until Element Is Enabled" library="SeleniumLibrary">
<arg>${search_xpath}</arg>
<arg>timeout=30 seconds</arg>
<doc>Waits until the element ``locator`` is enabled.</doc>
<status status="PASS" starttime="20230528 23:25:28.511" endtime="20230528 23:25:31.908"/>
</kw>
<kw name="Input Text" library="SeleniumLibrary">
<arg>${search_xpath}</arg>
<arg>${patient_id}</arg>
<doc>Types the given ``text`` into the text field identified by ``locator``.</doc>
<msg timestamp="20230528 23:25:31.909" level="INFO">Typing text '100KH7' into text field 'xpath://input[@id='patient-search']'.</msg>
<status status="PASS" starttime="20230528 23:25:31.908" endtime="20230528 23:25:33.509"/>
</kw>
<kw name="Sleep" library="BuiltIn">
<arg>5s</arg>
<doc>Pauses the test executed for the given time.</doc>
<msg timestamp="20230528 23:25:38.510" level="INFO">Slept 5 seconds</msg>
<status status="PASS" starttime="20230528 23:25:33.509" endtime="20230528 23:25:38.510"/>
</kw>
<kw name="Element Should Contain" library="SeleniumLibrary">
<arg>${tablecontent_xpath}</arg>
<arg>No matching records found</arg>
<doc>Verifies that element ``locator`` contains text ``expected``.</doc>
<msg timestamp="20230528 23:25:39.543" level="INFO">Element 'xpath://table[@id='patient-search-results-table']//tbody' contains text 'No matching records found'.</msg>
<status status="PASS" starttime="20230528 23:25:38.510" endtime="20230528 23:25:39.543"/>
</kw>
<status status="PASS" starttime="20230528 23:25:22.618" endtime="20230528 23:25:39.543"/>
</kw>
<status status="PASS" starttime="20230528 23:25:22.618" endtime="20230528 23:25:39.543"/>
</test>
<status status="PASS" starttime="20230528 23:23:04.382" endtime="20230528 23:25:39.543"/>
</suite>
<statistics>
<total>
<stat pass="11" fail="0" skip="0">All Tests</stat>
</total>
<tag>
</tag>
<suite>
<stat pass="11" fail="0" skip="0" id="s1" name="Testcases">Testcases</stat>
</suite>
</statistics>
<errors>
</errors>
</robot>
